<?xml version="1.0" encoding="UTF-8"?>
<testsuite xmlns:xsi="http://www.w3.org/2001/XMLSchema-instance" xsi:noNamespaceSchemaLocation="https://maven.apache.org/surefire/maven-surefire-plugin/xsd/surefire-test-report.xsd" name="com.calculator.code.test.CalcilatorTest" time="0.048" tests="3" errors="0" skipped="1" failures="0">
  <properties>
[...]
</properties>
  <testcase name="testAdd" classname="com.calculator.code.test.CalcilatorTest" time="0.018"/>
  <testcase name="testSub" classname="com.calculator.code.test.CalcilatorTest" time="0">
    <skipped message="void com.calculator.code.test.CalcilatorTest.testSub() is @Disabled"/>
  </testcase>
  <testcase name="testDivision" classname="com.calculator.code.test.CalcilatorTest" time="0.003"/>
</testsuite>